INFO:root:0. Batch mean LL: -9.627124488433882, Test mean LL: -9.626715496179838
INFO:root:400. Batch mean LL: -9.613931350048993, Test mean LL: -9.615442945427853
INFO:root:800. Batch mean LL: -9.60085801067575, Test mean LL: -9.603263143870569
INFO:root:1200. Batch mean LL: -9.587293968861019, Test mean LL: -9.589740102228541
INFO:root:1600. Batch mean LL: -9.573295848614512, Test mean LL: -9.576070996681105
INFO:root:2000. Batch mean LL: -9.55905226756301, Test mean LL: -9.56240620335034
INFO:root:2400. Batch mean LL: -9.543812928377518, Test mean LL: -9.547343230536502
INFO:root:2800. Batch mean LL: -9.528931075918251, Test mean LL: -9.53315121868883
INFO:root:3200. Batch mean LL: -9.514350527143487, Test mean LL: -9.519199579395288
INFO:root:3600. Batch mean LL: -9.500503927111767, Test mean LL: -9.506365585695727
INFO:root:4000. Batch mean LL: -9.487403875479199, Test mean LL: -9.493963158282389
INFO:root:4400. Batch mean LL: -9.474169308407177, Test mean LL: -9.481376806999918
INFO:root:4800. Batch mean LL: -9.462038575468103, Test mean LL: -9.469952574592718
INFO:root:5200. Batch mean LL: -9.450145269098615, Test mean LL: -9.458715903299382
INFO:root:5600. Batch mean LL: -9.438688980247564, Test mean LL: -9.447892297045147
INFO:root:6000. Batch mean LL: -9.428108632890785, Test mean LL: -9.43788044570148
INFO:root:6400. Batch mean LL: -9.417596535906037, Test mean LL: -9.427799392370542
INFO:root:6800. Batch mean LL: -9.407601873684852, Test mean LL: -9.418581300499717
INFO:root:7200. Batch mean LL: -9.398033652033414, Test mean LL: -9.409235046818068
INFO:root:7600. Batch mean LL: -9.388798450127425, Test mean LL: -9.400007334636884
INFO:root:8000. Batch mean LL: -9.379570414376833, Test mean LL: -9.390884890695798
INFO:root:8400. Batch mean LL: -9.370730042052495, Test mean LL: -9.382591156326653
INFO:root:8800. Batch mean LL: -9.361986242483614, Test mean LL: -9.374115354729026
INFO:root:9200. Batch mean LL: -9.353485333178202, Test mean LL: -9.365958941795894
INFO:root:9600. Batch mean LL: -9.34547514025669, Test mean LL: -9.358335617071491
INFO:root:10000. Batch mean LL: -9.337563427764941, Test mean LL: -9.35065270838298
INFO:root:10400. Batch mean LL: -9.330172945991272, Test mean LL: -9.343449570450632
INFO:root:10800. Batch mean LL: -9.322976359647045, Test mean LL: -9.336402512019161
INFO:root:11200. Batch mean LL: -9.316076888234209, Test mean LL: -9.329752969566023
INFO:root:11600. Batch mean LL: -9.309221256559672, Test mean LL: -9.323097745194294
INFO:root:12000. Batch mean LL: -9.30250234215408, Test mean LL: -9.316449583825674
INFO:root:12400. Batch mean LL: -9.295573147472158, Test mean LL: -9.31009209918176
INFO:root:12800. Batch mean LL: -9.289317021868081, Test mean LL: -9.30409550567085
INFO:root:13200. Batch mean LL: -9.283200718105965, Test mean LL: -9.298602304412743
INFO:root:13600. Batch mean LL: -9.27707320525975, Test mean LL: -9.292524750741276
INFO:root:14000. Batch mean LL: -9.271145457499326, Test mean LL: -9.286606648893553
INFO:root:14400. Batch mean LL: -9.265036315886148, Test mean LL: -9.280778197087987
INFO:root:14800. Batch mean LL: -9.25957356595242, Test mean LL: -9.275363830014898
INFO:root:15200. Batch mean LL: -9.253976641059513, Test mean LL: -9.269978011346346
INFO:root:15600. Batch mean LL: -9.248439763569092, Test mean LL: -9.264592508338746
INFO:root:16000. Batch mean LL: -9.242985877397494, Test mean LL: -9.25901049079799
INFO:root:16400. Batch mean LL: -9.23750779636093, Test mean LL: -9.253803963697065
INFO:root:16800. Batch mean LL: -9.232001869017575, Test mean LL: -9.248701770027367
INFO:root:17200. Batch mean LL: -9.226721912006962, Test mean LL: -9.243845090114437
INFO:root:17600. Batch mean LL: -9.22125589591855, Test mean LL: -9.238868398605954
INFO:root:18000. Batch mean LL: -9.216310173540435, Test mean LL: -9.233935689072249
INFO:root:18400. Batch mean LL: -9.211416421120926, Test mean LL: -9.229497416938704
INFO:root:18800. Batch mean LL: -9.206395237432512, Test mean LL: -9.22464164588447
INFO:root:19200. Batch mean LL: -9.201806307498824, Test mean LL: -9.219930754565304
INFO:root:19600. Batch mean LL: -9.197149811435777, Test mean LL: -9.215264981455409
INFO:root:



INFO:root:Learning Rate: 0.8
INFO:root:Window Size: 5
INFO:root:Batch Size: 50
INFO:root:Number of iterations: 20000
INFO:root:Vectors size: 225
INFO:root:number of negative sampling words: 10
INFO:root:decay iterations each 20000 steps
INFO:root:Noise distribution alpha: 0.01
INFO:root:Training Time: 6056.912543058395 minutes, 
Final Train LL: -9.197149811435777, 
Final Test LL: -9.215264981455409, 


INFO:root:


Context words from input word:
INFO:root:Top 10 Conetxt words for the input word "good" are: ['you', 'film', 'but', 'for', 'one', 'all', 'much', 'that', 'just', 'not']
INFO:root:Top 10 Conetxt words for the input word "bad" are: ['not', 'but', 'too', 'film', 'all', 'story', 'has', 'bad', 'about', 'for']
INFO:root:Top 10 Conetxt words for the input word "lame" are: ['stuff', 'fans', 'say', 'execution', 'these', 'anyone', 'manages', 'title', 'enjoyable', 'new']
INFO:root:Top 10 Conetxt words for the input word "cool" are: ['good', 'first', 'rrb', 'this', 'lrb', 'enough', 'like', 'made', 'might', 'seems']
INFO:root:Top 10 Conetxt words for the input word "exciting" are: ['off', 'being', 'big', 'people', 'look', 'documentary', 'they', 'drama', 'really', 'made']
INFO:root:


Input word from context words:
INFO:root:The 10 best competition for the sentence "The movie was surprisingly ______" are:['funny', 'have', 'what', 'will', 'are', 'movie', 'lrb', 'does', 'even', 'good']
INFO:root:The 10 best competition for the sentence "______ was really disappointing" are:['too', 'will', 'could', 'make', 'enough', 'makes', 'work', 'they', 'only', 'most']
INFO:root:The 10 best competition for the sentence "Knowing that she _____ was the best part" are:['one', 'not', 'movie', 'does', 'story', 'are', 'work', 'like', 'rrb', 'you']
INFO:root:


Best Analogies using input embeddings:
INFO:root:The 10 best suggestions for "man is to woman as men is to___": ['woman', 'which', 'not', 'bad', 'could', 'made', 'too', 'they', 'just', 'make']
INFO:root:The 10 best suggestions for "good is to great as bad is to___": ['great', 'good', 'are', 'the', 'just', 'that', 'time', 'there', 'and', 'been']
INFO:root:The 10 best suggestions for "warm is to cold as summer is to___": ['warm', 'cold', 'think', 'sense', 'fun', 'thing', 'every', 'nothing', 'good', 'her']
INFO:root:Same Analogies using context embeddings:
INFO:root:The 10 best suggestions for "man is to woman as men is to___": ['woman', 'her', 'worth', 'them', 'fun', 'look', 'bad', 'its', 'little', 'time']
INFO:root:The 10 best suggestions for "good is to great as bad is to___": ['great', 'good', 'are', 'you', 'too', 'does', 'what', 'not', 'this', 'much']
INFO:root:The 10 best suggestions for "warm is to cold as summer is to___": ['warm', 'cold', 'kids', 'screenplay', 'boring', 'age', 'think', 'acting', 'tale', 'sweet']
