INFO:root:0. Batch mean LL: -9.629964923484062, Test mean LL: -9.629883917689764
INFO:root:400. Batch mean LL: -9.578137659696132, Test mean LL: -9.580534350528712
INFO:root:800. Batch mean LL: -9.521717376717815, Test mean LL: -9.52710010805904
INFO:root:1200. Batch mean LL: -9.473868679256553, Test mean LL: -9.480710733867861
INFO:root:1600. Batch mean LL: -9.432361307704486, Test mean LL: -9.44109100495462
INFO:root:2000. Batch mean LL: -9.39544158256702, Test mean LL: -9.404694789552359
INFO:root:2400. Batch mean LL: -9.365537258177381, Test mean LL: -9.376109183972197
INFO:root:2800. Batch mean LL: -9.335823373715254, Test mean LL: -9.348482226905158
INFO:root:3200. Batch mean LL: -9.310544155626145, Test mean LL: -9.32409504512425
INFO:root:3600. Batch mean LL: -9.286693364502582, Test mean LL: -9.301761908332406
INFO:root:4000. Batch mean LL: -9.266269889474842, Test mean LL: -9.282131695980574
INFO:root:4400. Batch mean LL: -9.243738359420291, Test mean LL: -9.261192625552763
INFO:root:4800. Batch mean LL: -9.224920990038088, Test mean LL: -9.243204712297725
INFO:root:5200. Batch mean LL: -9.207807033449345, Test mean LL: -9.226057685280482
INFO:root:5600. Batch mean LL: -9.190647271791844, Test mean LL: -9.209380512573267
INFO:root:6000. Batch mean LL: -9.175458943079926, Test mean LL: -9.193445298084862
INFO:root:6400. Batch mean LL: -9.159540925992381, Test mean LL: -9.17678897380139
INFO:root:6800. Batch mean LL: -9.143941700361172, Test mean LL: -9.162242285726462
INFO:root:7200. Batch mean LL: -9.129841611597676, Test mean LL: -9.14813940959016
INFO:root:7600. Batch mean LL: -9.11576800219357, Test mean LL: -9.135111333773866
INFO:root:8000. Batch mean LL: -9.102695814649913, Test mean LL: -9.12090146536313
INFO:root:8400. Batch mean LL: -9.090068871596358, Test mean LL: -9.109425973879626
INFO:root:8800. Batch mean LL: -9.077732794042102, Test mean LL: -9.09763181933398
INFO:root:9200. Batch mean LL: -9.065386611706135, Test mean LL: -9.085706159027861
INFO:root:9600. Batch mean LL: -9.055037232256867, Test mean LL: -9.075112534429747
INFO:root:10000. Batch mean LL: -9.043196843926264, Test mean LL: -9.064160132946574
INFO:root:10400. Batch mean LL: -9.032641451768912, Test mean LL: -9.053043416962051
INFO:root:10800. Batch mean LL: -9.022640212077807, Test mean LL: -9.043483138683884
INFO:root:11200. Batch mean LL: -9.011996270416663, Test mean LL: -9.03375083418825
INFO:root:11600. Batch mean LL: -9.002583973592467, Test mean LL: -9.024304003337718
INFO:root:12000. Batch mean LL: -8.991181961203484, Test mean LL: -9.015007770736595
INFO:root:12400. Batch mean LL: -8.984114999480637, Test mean LL: -9.006998964043461
INFO:root:12800. Batch mean LL: -8.974164317826713, Test mean LL: -8.998232891447001
INFO:root:13200. Batch mean LL: -8.965803398553614, Test mean LL: -8.990648501743712
INFO:root:13600. Batch mean LL: -8.957522717457211, Test mean LL: -8.983417907720352
INFO:root:14000. Batch mean LL: -8.949804102549821, Test mean LL: -8.97548419276518
INFO:root:14400. Batch mean LL: -8.941826561260138, Test mean LL: -8.96873214182014
INFO:root:14800. Batch mean LL: -8.934436831694171, Test mean LL: -8.961313799659907
INFO:root:15200. Batch mean LL: -8.927522984069181, Test mean LL: -8.954557671047708
INFO:root:15600. Batch mean LL: -8.920465425890345, Test mean LL: -8.947850132062916
INFO:root:16000. Batch mean LL: -8.914683209599076, Test mean LL: -8.942023313681384
INFO:root:16400. Batch mean LL: -8.90768933075229, Test mean LL: -8.93592947059373
INFO:root:16800. Batch mean LL: -8.9015509260104, Test mean LL: -8.930043490863108
INFO:root:17200. Batch mean LL: -8.895824809893467, Test mean LL: -8.92373235533024
INFO:root:17600. Batch mean LL: -8.890144155322618, Test mean LL: -8.918434096316677
INFO:root:18000. Batch mean LL: -8.885555511094097, Test mean LL: -8.913370752089401
INFO:root:18400. Batch mean LL: -8.880049041479742, Test mean LL: -8.907565436964765
INFO:root:18800. Batch mean LL: -8.874376607742114, Test mean LL: -8.902652417049596
INFO:root:19200. Batch mean LL: -8.869350142716613, Test mean LL: -8.89731899619515
INFO:root:19600. Batch mean LL: -8.864296363903897, Test mean LL: -8.892751396468348
INFO:root:



INFO:root:Learning Rate: 3.0
INFO:root:Window Size: 5
INFO:root:Batch Size: 50
INFO:root:Number of iterations: 20000
INFO:root:Vectors size: 75
INFO:root:number of negative sampling words: 10
INFO:root:decay iterations each 20000 steps
INFO:root:Noise distribution alpha: 0.01
INFO:root:Training Time: 5568.079746961594 minutes, 
Final Train LL: -8.864296363903897, 
Final Test LL: -8.892751396468348, 


INFO:root:


Context words from input word:
INFO:root:Top 10 Conetxt words for the input word "good" are: ['enough', 'was', 'will', 'than', 'this', 'well', 'subject', 'too', 'the', 'fun']
INFO:root:Top 10 Conetxt words for the input word "bad" are: ['director', 'big', 'could', 'what', 'this', 'you', 'moving', 'all', 'its', 'really']
INFO:root:Top 10 Conetxt words for the input word "lame" are: ['turns', 'each', 'put', 'beyond', 'problem', 'goes', 'children', 'likely', 'drama', 'romantic']
INFO:root:Top 10 Conetxt words for the input word "cool" are: ['just', 'heart', 'never', 'right', 'style', 'film', 'interesting', 'can', 'character', 'script']
INFO:root:Top 10 Conetxt words for the input word "exciting" are: ['heart', 'never', 'movie', 'one', 'well', 'bad', 'old', 'film', 'funny', 'year']
INFO:root:


Input word from context words:
INFO:root:The 10 best competition for the sentence "The movie was surprisingly ______" are:['old', 'well', 'never', 'for', 'say', 'done', 'there', 'just', 'care', 'thought']
INFO:root:The 10 best competition for the sentence "______ was really disappointing" are:['meandering', 'ending', 'too', 'live', 'together', 'might', 'filmmaking', 'was', 'create', 'watch']
INFO:root:The 10 best competition for the sentence "Knowing that she _____ was the best part" are:['work', 'after', 'film', 'for', 'old', 'could', 'intelligent', 'really', 'tired', 'rather']
INFO:root:


Best Analogies using input embeddings:
INFO:root:The 10 best suggestions for "man is to woman as men is to___": ['woman', 'leave', 'because', 'well', 'did', 'great', 'get', 'far', 'never', 'just']
INFO:root:The 10 best suggestions for "good is to great as bad is to___": ['good', 'great', 'never', 'those', 'definitely', 'interesting', 'human', 'under', 'rather', 'say']
INFO:root:The 10 best suggestions for "warm is to cold as summer is to___": ['warm', 'human', 'moment', 'silly', 'true', 'likely', 'after', 'whole', 'running', 'better']
INFO:root:Same Analogies using context embeddings:
INFO:root:The 10 best suggestions for "man is to woman as men is to___": ['woman', 'despite', 'humor', 'quirky', 'black', 'work', 'better', 'coming', 'history', 'their']
INFO:root:The 10 best suggestions for "good is to great as bad is to___": ['good', 'great', 'funny', 'enough', 'most', 'really', 'two', 'well', 'was', 'very']
INFO:root:The 10 best suggestions for "warm is to cold as summer is to___": ['warm', 'cold', 'leave', 'brilliant', 'theater', 'left', 'surprising', 'hilarious', 'things', 'school']
