INFO:root:0. Batch mean LL: -9.629114367881598, Test mean LL: -9.630273446050978
INFO:root:400. Batch mean LL: -9.616525457037001, Test mean LL: -9.619291439573818
INFO:root:800. Batch mean LL: -9.604236338464194, Test mean LL: -9.607937845224795
INFO:root:1200. Batch mean LL: -9.590304838444904, Test mean LL: -9.593984413163312
INFO:root:1600. Batch mean LL: -9.576288421394278, Test mean LL: -9.579866806889738
INFO:root:2000. Batch mean LL: -9.56172218984827, Test mean LL: -9.565881944094729
INFO:root:2400. Batch mean LL: -9.546494641712876, Test mean LL: -9.551252936334507
INFO:root:2800. Batch mean LL: -9.532239383040162, Test mean LL: -9.536838014054835
INFO:root:3200. Batch mean LL: -9.518461264361198, Test mean LL: -9.523639209702662
INFO:root:3600. Batch mean LL: -9.505290969371934, Test mean LL: -9.511711109491662
INFO:root:4000. Batch mean LL: -9.492724085646554, Test mean LL: -9.49931480972983
INFO:root:4400. Batch mean LL: -9.479475193888572, Test mean LL: -9.487391734406389
INFO:root:4800. Batch mean LL: -9.46622620688254, Test mean LL: -9.475435692700112
INFO:root:5200. Batch mean LL: -9.454001849036615, Test mean LL: -9.464065967288393
INFO:root:5600. Batch mean LL: -9.442777644944208, Test mean LL: -9.45371514501793
INFO:root:6000. Batch mean LL: -9.431512196296858, Test mean LL: -9.443423195993464
INFO:root:6400. Batch mean LL: -9.420662402787192, Test mean LL: -9.433277534627672
INFO:root:6800. Batch mean LL: -9.41063847896625, Test mean LL: -9.423451314288275
INFO:root:7200. Batch mean LL: -9.400359940571272, Test mean LL: -9.413774540374447
INFO:root:7600. Batch mean LL: -9.390667615419877, Test mean LL: -9.40479242525621
INFO:root:8000. Batch mean LL: -9.38117542438764, Test mean LL: -9.395928685403575
INFO:root:8400. Batch mean LL: -9.372375520681961, Test mean LL: -9.387762894678747
INFO:root:8800. Batch mean LL: -9.364034180819319, Test mean LL: -9.379478577494679
INFO:root:9200. Batch mean LL: -9.355477953997765, Test mean LL: -9.371747055808568
INFO:root:9600. Batch mean LL: -9.34749031263032, Test mean LL: -9.364193233809942
INFO:root:10000. Batch mean LL: -9.339885093797436, Test mean LL: -9.357225469451606
INFO:root:10400. Batch mean LL: -9.33243935079698, Test mean LL: -9.349975615057364
INFO:root:10800. Batch mean LL: -9.3253287403346, Test mean LL: -9.343186279983724
INFO:root:11200. Batch mean LL: -9.318767885645428, Test mean LL: -9.336966978997975
INFO:root:11600. Batch mean LL: -9.311647376618662, Test mean LL: -9.330374934852733
INFO:root:12000. Batch mean LL: -9.30505145070499, Test mean LL: -9.3242173056941
INFO:root:12400. Batch mean LL: -9.298453702399499, Test mean LL: -9.317916511544016
INFO:root:12800. Batch mean LL: -9.29199622951198, Test mean LL: -9.311982024958448
INFO:root:13200. Batch mean LL: -9.285725732740007, Test mean LL: -9.305984261710519
INFO:root:13600. Batch mean LL: -9.279611522407038, Test mean LL: -9.300178767972183
INFO:root:14000. Batch mean LL: -9.273558593658775, Test mean LL: -9.294717974755894
INFO:root:14400. Batch mean LL: -9.267871521504626, Test mean LL: -9.289517081575784
INFO:root:14800. Batch mean LL: -9.261780130780936, Test mean LL: -9.283660574574608
INFO:root:15200. Batch mean LL: -9.256158028182012, Test mean LL: -9.278274984930237
INFO:root:15600. Batch mean LL: -9.250432912953158, Test mean LL: -9.273181707795858
INFO:root:16000. Batch mean LL: -9.244681392693566, Test mean LL: -9.267520818983188
INFO:root:16400. Batch mean LL: -9.239221216928525, Test mean LL: -9.262444269918031
INFO:root:16800. Batch mean LL: -9.234038553534273, Test mean LL: -9.257644344632046
INFO:root:17200. Batch mean LL: -9.22883046326603, Test mean LL: -9.25284531464227
INFO:root:17600. Batch mean LL: -9.223447647408511, Test mean LL: -9.247957340410013
INFO:root:18000. Batch mean LL: -9.218558277447473, Test mean LL: -9.243487085177923
INFO:root:18400. Batch mean LL: -9.213751383342217, Test mean LL: -9.238909027631218
INFO:root:18800. Batch mean LL: -9.208766199145431, Test mean LL: -9.23404261640235
INFO:root:19200. Batch mean LL: -9.203719037112677, Test mean LL: -9.229649086964663
INFO:root:19600. Batch mean LL: -9.199273701250165, Test mean LL: -9.225404570447896
INFO:root:



INFO:root:Learning Rate: 0.8
INFO:root:Window Size: 5
INFO:root:Batch Size: 50
INFO:root:Number of iterations: 20000
INFO:root:Vectors size: 75
INFO:root:number of negative sampling words: 10
INFO:root:decay iterations each 20000 steps
INFO:root:Noise distribution alpha: 0.01
INFO:root:Training Time: 5600.711093664169 minutes, 
Final Train LL: -9.199273701250165, 
Final Test LL: -9.225404570447896, 


INFO:root:


Context words from input word:
INFO:root:Top 10 Conetxt words for the input word "good" are: ['make', 'are', 'movie', 'does', 'this', 'all', 'have', 'one', 'not', 'time']
INFO:root:Top 10 Conetxt words for the input word "bad" are: ['can', 'movie', 'you', 'very', 'best', 'that', 'never', 'there', 'all', 'film']
INFO:root:Top 10 Conetxt words for the input word "lame" are: ['actors', 'documentary', 'still', 'script', 'works', 'thought', 'worst', 'special', 'everyone', 'other']
INFO:root:Top 10 Conetxt words for the input word "cool" are: ['big', 'dull', 'rrb', 'these', 'hard', 'movie', 'man', 'lrb', 'see', 'picture']
INFO:root:Top 10 Conetxt words for the input word "exciting" are: ['material', 'seems', 'less', 'romantic', 'full', 'here', 'without', 'feels', 'work', 'entertaining']
INFO:root:


Input word from context words:
INFO:root:The 10 best competition for the sentence "The movie was surprisingly ______" are:['when', 'and', 'would', 'this', 'that', 'only', 'you', 'but', 'there', 'his']
INFO:root:The 10 best competition for the sentence "______ was really disappointing" are:['performances', 'when', 'take', 'here', 'who', 'too', 'best', 'one', 'love', 'which']
INFO:root:The 10 best competition for the sentence "Knowing that she _____ was the best part" are:['characters', 'one', 'funny', 'best', 'enough', 'most', 'more', 'too', 'make', 'about']
INFO:root:


Best Analogies using input embeddings:
INFO:root:The 10 best suggestions for "man is to woman as men is to___": ['woman', 'less', 'rrb', 'know', 'down', 'how', 'lrb', 'characters', 'better', 'who']
INFO:root:The 10 best suggestions for "good is to great as bad is to___": ['great', 'good', 'that', 'the', 'for', 'this', 'could', 'you', 'have', 'what']
INFO:root:The 10 best suggestions for "warm is to cold as summer is to___": ['warm', 'cold', 'half', 'told', 'acted', 'part', 'problems', 'predictable', 'short', 'keep']
INFO:root:Same Analogies using context embeddings:
INFO:root:The 10 best suggestions for "man is to woman as men is to___": ['woman', 'say', 'fact', 'anything', 'fashioned', 'gets', 'american', 'our', 'original', 'where']
INFO:root:The 10 best suggestions for "good is to great as bad is to___": ['great', 'lrb', 'good', 'what', 'film', 'from', 'with', 'all', 'about', 'and']
INFO:root:The 10 best suggestions for "warm is to cold as summer is to___": ['warm', 'cold', 'ambitious', 'seeing', 'sets', 'say', 'kittenish', 'subject', 'roll', 'heyday']
