INFO:root:0. Batch mean LL: -9.626212713705788, Test mean LL: -9.626580781362943
INFO:root:400. Batch mean LL: -9.613645287583566, Test mean LL: -9.6157384362525
INFO:root:800. Batch mean LL: -9.600017966914079, Test mean LL: -9.602763447496656
INFO:root:1200. Batch mean LL: -9.586805960827053, Test mean LL: -9.589661116743144
INFO:root:1600. Batch mean LL: -9.572027974268352, Test mean LL: -9.574934832189982
INFO:root:2000. Batch mean LL: -9.557138912714246, Test mean LL: -9.560247435388703
INFO:root:2400. Batch mean LL: -9.54216640660341, Test mean LL: -9.546118388676225
INFO:root:2800. Batch mean LL: -9.52752949473309, Test mean LL: -9.532451639018023
INFO:root:3200. Batch mean LL: -9.51312894084122, Test mean LL: -9.518910466007906
INFO:root:3600. Batch mean LL: -9.498580905358352, Test mean LL: -9.505646629508817
INFO:root:4000. Batch mean LL: -9.485427909300862, Test mean LL: -9.493022901933802
INFO:root:4400. Batch mean LL: -9.472796159160396, Test mean LL: -9.48113513581697
INFO:root:4800. Batch mean LL: -9.460378352441287, Test mean LL: -9.468888556624103
INFO:root:5200. Batch mean LL: -9.448346773884369, Test mean LL: -9.457904079371211
INFO:root:5600. Batch mean LL: -9.436363730376625, Test mean LL: -9.446844170516053
INFO:root:6000. Batch mean LL: -9.425181310401982, Test mean LL: -9.436073427725983
INFO:root:6400. Batch mean LL: -9.414741606256822, Test mean LL: -9.426347873283651
INFO:root:6800. Batch mean LL: -9.40471999556486, Test mean LL: -9.416477984181055
INFO:root:7200. Batch mean LL: -9.394751122588003, Test mean LL: -9.407089558702753
INFO:root:7600. Batch mean LL: -9.384863347176175, Test mean LL: -9.397650849382574
INFO:root:8000. Batch mean LL: -9.375330143533535, Test mean LL: -9.388902517170553
INFO:root:8400. Batch mean LL: -9.366669335222376, Test mean LL: -9.380996477608612
INFO:root:8800. Batch mean LL: -9.357741174691924, Test mean LL: -9.372746163019489
INFO:root:9200. Batch mean LL: -9.349496014167983, Test mean LL: -9.365119362399845
INFO:root:9600. Batch mean LL: -9.341588275218815, Test mean LL: -9.35759114359868
INFO:root:10000. Batch mean LL: -9.334121696499475, Test mean LL: -9.350382441616103
INFO:root:10400. Batch mean LL: -9.32652026357555, Test mean LL: -9.343023105924235
INFO:root:10800. Batch mean LL: -9.319180812426062, Test mean LL: -9.336076506474852
INFO:root:11200. Batch mean LL: -9.312146889837287, Test mean LL: -9.329554071075524
INFO:root:11600. Batch mean LL: -9.305485329506336, Test mean LL: -9.323023549817743
INFO:root:12000. Batch mean LL: -9.298597651675118, Test mean LL: -9.316443799715351
INFO:root:12400. Batch mean LL: -9.291906028067016, Test mean LL: -9.309967275160679
INFO:root:12800. Batch mean LL: -9.285756695532251, Test mean LL: -9.303841511237117
INFO:root:13200. Batch mean LL: -9.279306169001282, Test mean LL: -9.297543899821498
INFO:root:13600. Batch mean LL: -9.27300132408432, Test mean LL: -9.29191354053666
INFO:root:14000. Batch mean LL: -9.267219391679829, Test mean LL: -9.286159153431665
INFO:root:14400. Batch mean LL: -9.260826605881668, Test mean LL: -9.28017586929024
INFO:root:14800. Batch mean LL: -9.254975126823673, Test mean LL: -9.27446656859282
INFO:root:15200. Batch mean LL: -9.24904598830751, Test mean LL: -9.26880543717891
INFO:root:15600. Batch mean LL: -9.24361428128335, Test mean LL: -9.263218923250776
INFO:root:16000. Batch mean LL: -9.238460855476983, Test mean LL: -9.25811371488282
INFO:root:16400. Batch mean LL: -9.233007645773565, Test mean LL: -9.253161242082047
INFO:root:16800. Batch mean LL: -9.227834780741839, Test mean LL: -9.248137839857833
INFO:root:17200. Batch mean LL: -9.222583809129063, Test mean LL: -9.243107526277871
INFO:root:17600. Batch mean LL: -9.21756670355, Test mean LL: -9.238153544502905
INFO:root:18000. Batch mean LL: -9.212324635596083, Test mean LL: -9.233182682422832
INFO:root:18400. Batch mean LL: -9.2074373230772, Test mean LL: -9.228673555927587
INFO:root:18800. Batch mean LL: -9.202645906773094, Test mean LL: -9.22398559381272
INFO:root:19200. Batch mean LL: -9.19798353120213, Test mean LL: -9.219362751138473
INFO:root:19600. Batch mean LL: -9.193113870126744, Test mean LL: -9.214846164005587
INFO:root:



INFO:root:Learning Rate: 0.8
INFO:root:Window Size: 5
INFO:root:Batch Size: 50
INFO:root:Number of iterations: 20000
INFO:root:Vectors size: 300
INFO:root:number of negative sampling words: 10
INFO:root:decay iterations each 20000 steps
INFO:root:Noise distribution alpha: 0.01
INFO:root:Training Time: 6531.557232379913 minutes, 
Final Train LL: -9.193113870126744, 
Final Test LL: -9.214846164005587, 


INFO:root:


Context words from input word:
INFO:root:Top 10 Conetxt words for the input word "good" are: ['one', 'movie', 'good', 'not', 'does', 'with', 'you', 'film', 'that', 'will']
INFO:root:Top 10 Conetxt words for the input word "bad" are: ['very', 'movie', 'not', 'with', 'too', 'one', 'you', 'does', 'and', 'for']
INFO:root:Top 10 Conetxt words for the input word "lame" are: ['thing', 'year', 'entertaining', 'has', 'man', 'comedy', 'like', 'movie', 'more', 'made']
INFO:root:Top 10 Conetxt words for the input word "cool" are: ['get', 'films', 'far', 'heart', 'hollywood', 'way', 'great', 'some', 'big', 'give']
INFO:root:Top 10 Conetxt words for the input word "exciting" are: ['plot', 'her', 'get', 'could', 'make', 'them', 'some', 'being', 'even', 'bad']
INFO:root:


Input word from context words:
INFO:root:The 10 best competition for the sentence "The movie was surprisingly ______" are:['funny', 'that', 'have', 'good', 'the', 'not', 'what', 'its', 'you', 'much']
INFO:root:The 10 best competition for the sentence "______ was really disappointing" are:['movie', 'love', 'too', 'work', 'characters', 'enough', 'well', 'than', 'most', 'even']
INFO:root:The 10 best competition for the sentence "Knowing that she _____ was the best part" are:['most', 'makes', 'that', 'good', 'been', 'much', 'lrb', 'the', 'and', 'funny']
INFO:root:


Best Analogies using input embeddings:
INFO:root:The 10 best suggestions for "man is to woman as men is to___": ['woman', 'yet', 'enough', 'films', 'for', 'drama', 'one', 'well', 'when', 'life']
INFO:root:The 10 best suggestions for "good is to great as bad is to___": ['great', 'good', 'movie', 'for', 'more', 'have', 'one', 'but', 'film', 'not']
INFO:root:The 10 best suggestions for "warm is to cold as summer is to___": ['warm', 'cold', 'because', 'get', 'enough', 'characters', 'and', 'that', 'never', 'these']
INFO:root:Same Analogies using context embeddings:
INFO:root:The 10 best suggestions for "man is to woman as men is to___": ['woman', 'were', 'new', 'comedy', 'for', 'director', 'they', 'any', 'being', 'other']
INFO:root:The 10 best suggestions for "good is to great as bad is to___": ['great', 'good', 'very', 'all', 'not', 'story', 'you', 'movie', 'has', 'are']
INFO:root:The 10 best suggestions for "warm is to cold as summer is to___": ['warm', 'cold', 'anything', 'quite', 'rather', 'life', 'less', 'watching', 'performances', 'might']
