INFO:root:0. Batch mean LL: -9.635769400184818, Test mean LL: -9.635420785365765
INFO:root:40. Batch mean LL: -9.635076000992088, Test mean LL: -9.634805148927912
INFO:root:80. Batch mean LL: -9.63439312150993, Test mean LL: -9.634191548003573
INFO:root:



INFO:root:Learning Rate: 0.6
INFO:root:Window Size: 4
INFO:root:Batch Size: 50
INFO:root:Number of iterations: 100
INFO:root:Vectors size: 50
INFO:root:number of negative sampling words: 10
INFO:root:decay iterations each 30000 steps
INFO:root:Noise distribution alpha
INFO:root:Training Time: 106.67249035835266, 
Final Train LL: -9.63439312150993, 
Final Test LL: -9.634191548003573, 


INFO:root:


Context words from input word:
INFO:root:Top 10 Conetxt words for the input word "good" are: ['sip', 'leftovers', 'massacre', 'situates', 'skid', 'natter', 'sake', 'loaded', 'families', 'etre']
INFO:root:Top 10 Conetxt words for the input word "bad" are: ['repeatedly', 'slavery', 'rebellious', 'sitcomishly', 'development', 'hammy', 'food', 'properties', 'destructive', 'types']
INFO:root:Top 10 Conetxt words for the input word "lame" are: ['august', 'stuffing', 'profiling', 'cryin', 'blips', 'playwriting', 'geeked', 'demographically', 'foreign', 'mothers']
INFO:root:Top 10 Conetxt words for the input word "cool" are: ['supremes', 'spoof', 'snickers', 'slack', 'bucket', 'densest', 'plucky', 'blandness', 'grenier', 'birmingham']
INFO:root:Top 10 Conetxt words for the input word "exciting" are: ['naval', 'rigor', 'grandson', 'plausible', 'destined', 'staid', 'midriff', 'afloat', 'dorkier', 'shiri']
INFO:root:



INFO:root:Input word from context words:
INFO:root:The 10 best competition for the sentence "The movie was surprisingly ______" are:['exuberant', 'transporter', 'celebratory', 'wackiness', 'gracious', 'tuned', 'foot', 'arwen', 'commercialism', 'performs']
INFO:root:The 10 best competition for the sentence "______ was really disappointing" are:['exuberant', 'transporter', 'celebratory', 'wackiness', 'gracious', 'tuned', 'foot', 'arwen', 'commercialism', 'performs']
INFO:root:The 10 best competition for the sentence "Knowing that she _____ was the best part" are:['exuberant', 'transporter', 'celebratory', 'wackiness', 'gracious', 'tuned', 'foot', 'arwen', 'commercialism', 'performs']
INFO:root:



INFO:root:Best Analogies using input embeddings:
INFO:root:The 10 best suggestions for "man is to woman as men is to___": ['crime', 'thoughts', 'strays', 'someplace', 'add', 'parlance', 'truckzilla', 'bouquet', 'bowling', 'sympathizing']
INFO:root:The 10 best suggestions for "good is to great as bad is to___": ['bad', 'overdone', 'credulity', 'delightful', 'distaste', 'norma', 'exist', 'crew', 'now', 'pacing']
INFO:root:The 10 best suggestions for "warm is to cold as summer is to___": ['unpredictable', 'summer', 'yarn', 'plaintiveness', 'wallace', 'glaring', 'washed', 'overblown', 'alfred', 'lowly']
INFO:root:Same Analogies using context embeddings:
INFO:root:The 10 best suggestions for "man is to woman as men is to___": ['shining', 'halfwit', 'miscalculates', 'behaved', 'characterizations', 'twinkling', 'discovered', 'fabulousness', 'hall', 'dizzy']
INFO:root:The 10 best suggestions for "good is to great as bad is to___": ['bad', 'quaint', 'cliched', 'percentages', 'underrated', 'rediscovers', 'cox', 'grisham', 'seth', 'network']
INFO:root:The 10 best suggestions for "warm is to cold as summer is to___": ['summer', 'tian', 'station', 'blaxploitation', 'violinist', 'incorporate', 'climbing', 'mouglalis', 'novak', 'rose']
