INFO:root:0. Batch mean LL: -9.628392894875072, Test mean LL: -9.628227925191105
INFO:root:400. Batch mean LL: -9.61418928678277, Test mean LL: -9.615512183900885
INFO:root:800. Batch mean LL: -9.601314991552394, Test mean LL: -9.603656945719887
INFO:root:1200. Batch mean LL: -9.587425552730584, Test mean LL: -9.590441832146654
INFO:root:1600. Batch mean LL: -9.5730916652819, Test mean LL: -9.576749121488099
INFO:root:2000. Batch mean LL: -9.559136903075853, Test mean LL: -9.563625853871384
INFO:root:2400. Batch mean LL: -9.54465417678215, Test mean LL: -9.549513152628073
INFO:root:2800. Batch mean LL: -9.531222021844505, Test mean LL: -9.536550094818466
INFO:root:3200. Batch mean LL: -9.517428956121817, Test mean LL: -9.523334760713258
INFO:root:3600. Batch mean LL: -9.503557607575328, Test mean LL: -9.510181097366873
INFO:root:4000. Batch mean LL: -9.490117537225684, Test mean LL: -9.497233336392707
INFO:root:4400. Batch mean LL: -9.477041755563341, Test mean LL: -9.484915754095752
INFO:root:4800. Batch mean LL: -9.464920348268345, Test mean LL: -9.473431798527164
INFO:root:5200. Batch mean LL: -9.452783704573395, Test mean LL: -9.461415370942621
INFO:root:5600. Batch mean LL: -9.440962422984478, Test mean LL: -9.450436094922157
INFO:root:6000. Batch mean LL: -9.429929611444111, Test mean LL: -9.439744871880894
INFO:root:6400. Batch mean LL: -9.419476361387835, Test mean LL: -9.42993420445669
INFO:root:6800. Batch mean LL: -9.40864129737647, Test mean LL: -9.419839526136057
INFO:root:7200. Batch mean LL: -9.398937002713776, Test mean LL: -9.410612232521041
INFO:root:7600. Batch mean LL: -9.389193489928955, Test mean LL: -9.401126402129522
INFO:root:8000. Batch mean LL: -9.379923041596406, Test mean LL: -9.39223825671458
INFO:root:8400. Batch mean LL: -9.371056796664439, Test mean LL: -9.383761696635126
INFO:root:8800. Batch mean LL: -9.362546293038019, Test mean LL: -9.375838525123273
INFO:root:9200. Batch mean LL: -9.3543298861202, Test mean LL: -9.367940067936743
INFO:root:9600. Batch mean LL: -9.346239226789004, Test mean LL: -9.360542506144494
INFO:root:10000. Batch mean LL: -9.338254102540903, Test mean LL: -9.352830043970393
INFO:root:10400. Batch mean LL: -9.330847087630755, Test mean LL: -9.345533382353636
INFO:root:10800. Batch mean LL: -9.323362702671846, Test mean LL: -9.338688431617475
INFO:root:11200. Batch mean LL: -9.316589119840192, Test mean LL: -9.332174858985248
INFO:root:11600. Batch mean LL: -9.30971370693067, Test mean LL: -9.325604933243838
INFO:root:12000. Batch mean LL: -9.303154751635663, Test mean LL: -9.319298810255082
INFO:root:12400. Batch mean LL: -9.296673208429176, Test mean LL: -9.313328509443025
INFO:root:12800. Batch mean LL: -9.290597965791882, Test mean LL: -9.307001592341996
INFO:root:13200. Batch mean LL: -9.283951807410473, Test mean LL: -9.301318981775236
INFO:root:13600. Batch mean LL: -9.277803011186277, Test mean LL: -9.295457148476414
INFO:root:14000. Batch mean LL: -9.272250713810669, Test mean LL: -9.289700966637003
INFO:root:14400. Batch mean LL: -9.266394869963758, Test mean LL: -9.284101620742584
INFO:root:14800. Batch mean LL: -9.260743497032616, Test mean LL: -9.278831673042234
INFO:root:15200. Batch mean LL: -9.255317322140497, Test mean LL: -9.273201707142551
INFO:root:15600. Batch mean LL: -9.249778583390261, Test mean LL: -9.268252575428699
INFO:root:16000. Batch mean LL: -9.244110673682215, Test mean LL: -9.262864782353398
INFO:root:16400. Batch mean LL: -9.238784221753617, Test mean LL: -9.257504990301815
INFO:root:16800. Batch mean LL: -9.233395610803651, Test mean LL: -9.252454358993356
INFO:root:17200. Batch mean LL: -9.227649607956439, Test mean LL: -9.247668197919552
INFO:root:17600. Batch mean LL: -9.222558502821704, Test mean LL: -9.242665000354378
INFO:root:18000. Batch mean LL: -9.21773768667671, Test mean LL: -9.238123330305195
INFO:root:18400. Batch mean LL: -9.21292208744198, Test mean LL: -9.233472103150559
INFO:root:18800. Batch mean LL: -9.208079465064323, Test mean LL: -9.228861628963935
INFO:root:19200. Batch mean LL: -9.203499261840992, Test mean LL: -9.224342894942597
INFO:root:19600. Batch mean LL: -9.198547883252363, Test mean LL: -9.219550476389836
INFO:root:



INFO:root:Learning Rate: 0.8
INFO:root:Window Size: 5
INFO:root:Batch Size: 50
INFO:root:Number of iterations: 20000
INFO:root:Vectors size: 150
INFO:root:number of negative sampling words: 10
INFO:root:decay iterations each 20000 steps
INFO:root:Noise distribution alpha: 0.01
INFO:root:Training Time: 5818.320016860962 minutes, 
Final Train LL: -9.198547883252363, 
Final Test LL: -9.219550476389836, 


INFO:root:


Context words from input word:
INFO:root:Top 10 Conetxt words for the input word "good" are: ['movie', 'even', 'for', 'more', 'good', 'does', 'you', 'make', 'one', 'have']
INFO:root:Top 10 Conetxt words for the input word "bad" are: ['you', 'with', 'movie', 'story', 'but', 'this', 'that', 'even', 'film', 'too']
INFO:root:Top 10 Conetxt words for the input word "lame" are: ['deserve', 'children', 'women', 'why', 'certainly', 'fascinating', 'manages', 'comic', 'romantic', 'often']
INFO:root:Top 10 Conetxt words for the input word "cool" are: ['get', 'lot', 'been', 'thing', 'only', 'they', 'who', 'all', 'you', 'plot']
INFO:root:Top 10 Conetxt words for the input word "exciting" are: ['performances', 'get', 'then', 'times', 'look', 'long', 'well', 'thing', 'what', 'had']
INFO:root:


Input word from context words:
INFO:root:The 10 best competition for the sentence "The movie was surprisingly ______" are:['with', 'funny', 'bad', 'that', 'enough', 'all', 'make', 'there', 'you', 'his']
INFO:root:The 10 best competition for the sentence "______ was really disappointing" are:['when', 'lrb', 'work', 'movies', 'off', 'not', 'with', 'has', 'have', 'some']
INFO:root:The 10 best competition for the sentence "Knowing that she _____ was the best part" are:['and', 'well', 'have', 'are', 'but', 'film', 'one', 'there', 'rrb', 'most']
INFO:root:


Best Analogies using input embeddings:
INFO:root:The 10 best suggestions for "man is to woman as men is to___": ['woman', 'all', 'out', 'work', 'and', 'such', 'see', 'love', 'just', 'movies']
INFO:root:The 10 best suggestions for "good is to great as bad is to___": ['great', 'good', 'only', 'does', 'and', 'are', 'been', 'you', 'this', 'would']
INFO:root:The 10 best suggestions for "warm is to cold as summer is to___": ['warm', 'cold', 'finally', 'poorly', 'boring', 'instead', 'offers', 'point', 'trying', 'journey']
INFO:root:Same Analogies using context embeddings:
INFO:root:The 10 best suggestions for "man is to woman as men is to___": ['woman', 'own', 'their', 'yet', 'new', 'too', 'from', 'work', 'just', 'one']
INFO:root:The 10 best suggestions for "good is to great as bad is to___": ['great', 'good', 'some', 'movie', 'time', 'for', 'have', 'its', 'only', 'film']
INFO:root:The 10 best suggestions for "warm is to cold as summer is to___": ['warm', 'cold', 'complex', 'where', 'place', 'numbers', 'thriller', 'again', 'young', 'mystery']
