INFO:root:0. Batch mean LL: -9.672878648991963, Test mean LL: -9.678130134499494
INFO:root:50. Batch mean LL: -9.671726534575457, Test mean LL: -9.677318570482091
INFO:root:



INFO:root:Learning Rate: 0.6
INFO:root:Window Size: 4
INFO:root:Batch Size: 50
INFO:root:Number of iterations: 100
INFO:root:Vectors size: 10
INFO:root:number of negative sampling words: 10
INFO:root:decay iterations each 13000 steps
INFO:root:Noise distribution alpha: 0.005
INFO:root:Training Time: 54.18335461616516 minutes, 
Final Train LL: -9.671726534575457, 
Final Test LL: -9.677318570482091, 


INFO:root:


Context words from input word:
INFO:root:Top 10 Conetxt words for the input word "good" are: ['crocodile', 'modeled', 'telenovela', 'wealthy', 'pilot', 'milking', 'pollution', 'reassuringly', 'filmmakers', 'sinise']
INFO:root:Top 10 Conetxt words for the input word "bad" are: ['safely', 'realize', 'player', 'furiously', 'caricature', 'adultery', 'totally', 'biologically', 'pollute', 'hawn']
INFO:root:Top 10 Conetxt words for the input word "lame" are: ['claustrophobia', 'eclair', 'keeping', 'thewlis', 'dating', 'proficiently', 'departure', 'rotten', 'dialogue', 'disrespected']
INFO:root:Top 10 Conetxt words for the input word "cool" are: ['thurman', 'examine', 'corcuera', 'help', 'experience', 'hussein', 'organized', 'categorize', 'literary', 'third']
INFO:root:Top 10 Conetxt words for the input word "exciting" are: ['explanations', 'anomie', 'dumbo', 'frame', 'battle', 'tales', 'implicitly', 'hardship', 'law', 'indulgent']
INFO:root:


Input word from context words:
INFO:root:The 10 best competition for the sentence "The movie was surprisingly ______" are:['peopled', 'illustrating', 'epilogue', 'poets', 'intricately', 'dullard', 'underdeveloped', 'organize', 'cinematically', 'deep']
INFO:root:The 10 best competition for the sentence "______ was really disappointing" are:['utilizing', 'usher', 'frightening', 'blast', 'watstein', 'posthumously', 'risks', 'ante', 'catches', 'unseen']
INFO:root:The 10 best competition for the sentence "Knowing that she _____ was the best part" are:['gum', 'fully', 'frightening', 'idiosyncratic', 'gruesome', 'bewildered', 'heft', 'spaces', 'masterful', 'princesses']
INFO:root:


Best Analogies using input embeddings:
INFO:root:The 10 best suggestions for "man is to woman as men is to___": ['woman', 'padded', 'mockumentary', 'resentment', 'jason', 'congrats', 'plans', 'adept', 'lunchers', 'elie']
INFO:root:The 10 best suggestions for "good is to great as bad is to___": ['meatier', 'bulk', 'limp', 'stripped', 'item', 'hoult', 'roman', 'fad', 'wahlberg', 'chemically']
INFO:root:The 10 best suggestions for "warm is to cold as summer is to___": ['initially', 'blake', 'boosted', 'sweetest', 'winces', 'letter', 'gamble', 'juiced', 'earnest', 'describes']
INFO:root:Same Analogies using context embeddings:
INFO:root:The 10 best suggestions for "man is to woman as men is to___": ['woman', 'flagellation', 'carousel', 'aaliyah', 'qutting', 'happily', 'sorrowful', 'ascertain', 'digested', 'dvd']
INFO:root:The 10 best suggestions for "good is to great as bad is to___": ['validated', 'sooner', 'scope', 'expose', 'testament', 'graceful', 'gayton', 'smallest', 'sour', 'charming']
INFO:root:The 10 best suggestions for "warm is to cold as summer is to___": ['illness', 'serve', 'row', 'locusts', 'unsatisfied', 'espn', 'ending', 'teacher', 'achronological', 'sexy']
